#
# There is insufficient memory for the Java Runtime Environment to continue.
# Native memory allocation (mmap) failed to map 268435456 bytes for G1 virtual space
# Possible reasons:
#   The system is out of physical RAM or swap space
#   The process is running with CompressedOops enabled, and the Java Heap may be blocking the growth of the native heap
# Possible solutions:
#   Reduce memory load on the system
#   Increase physical memory or swap space
#   Check if swap backing store is full
#   Decrease Java heap size (-Xmx/-Xms)
#   Decrease number of Java threads
#   Decrease Java thread stack sizes (-Xss)
#   Set larger code cache with -XX:ReservedCodeCacheSize=
#   JVM is running with Zero Based Compressed Oops mode in which the Java heap is
#     placed in the first 32GB address space. The Java Heap base address is the
#     maximum limit for the native heap growth. Please use -XX:HeapBaseMinAddress
#     to set the Java Heap base and to place the Java Heap above 32GB virtual address.
# This output file may be truncated or incomplete.
#
#  Out of Memory Error (./open/src/hotspot/os/windows/os_windows.cpp:3472), pid=21220, tid=22944
#
# JRE version:  (15.0+36) (build )
# Java VM: Java HotSpot(TM) 64-Bit Server VM (15+36-1562, mixed mode, sharing, tiered, compressed oops, g1 gc, windows-amd64)
# No core dump will be written. Minidumps are not enabled by default on client versions of Windows
#

---------------  S U M M A R Y ------------

Command Line: org.bridj.Platform$DeleteFiles C:\Users\RAY\AppData\Local\Temp\BridJExtractedLibraries14555180262182428741\bridj.dll C:\Users\RAY\AppData\Local\Temp\BridJExtractedLibraries14555180262182428741 C:\Users\RAY\AppData\Local\Temp\BridJExtractedLibraries14555180262182428741\OpenIMAJGrabber.dll

Host: Intel(R) Core(TM) i7-4790K CPU @ 4.00GHz, 8 cores, 15G,  Windows 10 , 64 bit Build 19041 (10.0.19041.292)
Time: Sun Nov 14 22:11:14 2021 Central America Standard Time elapsed time: 0.014434 seconds (0d 0h 0m 0s)

---------------  T H R E A D  ---------------

Current thread (0x000001d183505dc0):  JavaThread "Unknown thread" [_thread_in_vm, id=22944, stack(0x000000aec2300000,0x000000aec2400000)]

Stack: [0x000000aec2300000,0x000000aec2400000]
Native frames: (J=compiled Java code, j=interpreted, Vv=VM code, C=native code)
V  [jvm.dll+0x629eaa]
V  [jvm.dll+0x780379]
V  [jvm.dll+0x781ad3]
V  [jvm.dll+0x782133]
V  [jvm.dll+0x2159d5]
V  [jvm.dll+0x627299]
V  [jvm.dll+0x61bdd5]
V  [jvm.dll+0x2cf96d]
V  [jvm.dll+0x2cf7d2]
V  [jvm.dll+0x2d57ac]
V  [jvm.dll+0x32523a]
V  [jvm.dll+0x324904]
V  [jvm.dll+0x2a68ea]
V  [jvm.dll+0x2a7a88]
V  [jvm.dll+0x75d0f1]
V  [jvm.dll+0x333af4]
V  [jvm.dll+0x73d816]
V  [jvm.dll+0x3b68e7]
V  [jvm.dll+0x3b8371]
C  [jli.dll+0x52fb]
C  [ucrtbase.dll+0x214c2]
C  [KERNEL32.DLL+0x16fd4]
C  [ntdll.dll+0x4cec1]


---------------  P R O C E S S  ---------------

Threads class SMR info:
_java_thread_list=0x00007ffd0e9e2fa0, length=0, elements={
}

Java Threads: ( => current thread )

Other Threads:
  0x000001d183555cb0 GCTaskThread "GC Thread#0" [stack: 0x000000aec2400000,0x000000aec2500000] [id=1548]
  0x000001d183567de0 ConcurrentGCThread "G1 Main Marker" [stack: 0x000000aec2500000,0x000000aec2600000] [id=23592]
  0x000001d183569100 ConcurrentGCThread "G1 Conc#0" [stack: 0x000000aec2600000,0x000000aec2700000] [id=16696]

[error occurred during error reporting (printing all threads), id 0xc0000005, EXCEPTION_ACCESS_VIOLATION (0xc0000005) at pc=0x00007ffd0e1d77b7]

VM state: not at safepoint (not fully initialized)

VM Mutex/Monitor currently owned by a thread:  ([mutex/lock_event])
[0x000001d183501d10] Heap_lock - owner thread: 0x000001d183505dc0

Heap address: 0x0000000700c00000, size: 4084 MB, Compressed Oops mode: Zero based, Oop shift amount: 3
CDS archive(s) mapped at: [0x0000000000000000-0x0000000000000000-0x0000000000000000), size 0, SharedBaseAddress: 0x0000000800000000, ArchiveRelocationMode: 0.
Narrow klass base: 0x0000000000000000, Narrow klass shift: 0, Narrow klass range: 0x0

Heap:
 garbage-first heap   total 262144K, used 0K [0x0000000700c00000, 0x0000000800000000)
  region size 2048K, 0 young (0K), 0 survivors (0K)
 Metaspace       used 0K, capacity 0K, committed 0K, reserved 0K
  class space    used 0K, capacity 0K, committed 0K, reserved 0K

Heap Regions: E=young(eden), S=young(survivor), O=old, HS=humongous(starts), HC=humongous(continues), CS=collection set, F=free, OA=open archive, CA=closed archive, TAMS=top-at-mark-start (previous, next)

Card table byte_map: [0x000001d19d640000,0x000001d19de40000] _byte_map_base: 0x000001d199e3a000

Marking Bits (Prev, Next): (CMBitMap*) 0x000001d183557440, (CMBitMap*) 0x000001d183557480
 Prev Bits: [0x000001d19e640000, 0x000001d1a2610000)
 Next Bits: [0x000001d1a2610000, 0x000001d1a65e0000)

GC Heap History (0 events):
No events

Deoptimization events (0 events):
No events

Classes unloaded (0 events):
No events

Classes redefined (0 events):
No events

Internal exceptions (0 events):
No events

Events (1 events):
Event: 0.007 Loaded shared library C:\Program Files\Java\jdk-15\bin\java.dll


Dynamic libraries:
0x00007ff631970000 - 0x00007ff63197f000 	C:\Program Files\Java\jdk-15\bin\java.exe
0x00007ffd65b50000 - 0x00007ffd65d45000 	C:\Windows\SYSTEM32\ntdll.dll
0x00007ffd64e90000 - 0x00007ffd64f4d000 	C:\Windows\System32\KERNEL32.DLL
0x00007ffd637b0000 - 0x00007ffd63a77000 	C:\Windows\System32\KERNELBASE.dll
0x00007ffd203b0000 - 0x00007ffd204af000 	C:\Program Files\Bitdefender\Bitdefender Security\atcuf\265473983034396109\atcuf64.dll
0x00007ffd63290000 - 0x00007ffd63390000 	C:\Windows\System32\ucrtbase.dll
0x00007ffd5f060000 - 0x00007ffd5f078000 	C:\Program Files\Java\jdk-15\bin\jli.dll
0x00007ffd64ba0000 - 0x00007ffd64c4a000 	C:\Windows\System32\ADVAPI32.dll
0x00007ffd657a0000 - 0x00007ffd6583e000 	C:\Windows\System32\msvcrt.dll
0x00007ffd652d0000 - 0x00007ffd6536b000 	C:\Windows\System32\sechost.dll
0x00007ffd65550000 - 0x00007ffd65674000 	C:\Windows\System32\RPCRT4.dll
0x00007ffd65130000 - 0x00007ffd652d0000 	C:\Windows\System32\USER32.dll
0x00007ffd636b0000 - 0x00007ffd636d2000 	C:\Windows\System32\win32u.dll
0x00007ffd65770000 - 0x00007ffd6579a000 	C:\Windows\System32\GDI32.dll
0x00007ffd63390000 - 0x00007ffd63499000 	C:\Windows\System32\gdi32full.dll
0x00007ffd636e0000 - 0x00007ffd6377d000 	C:\Windows\System32\msvcp_win.dll
0x00007ffd596d0000 - 0x00007ffd596e9000 	C:\Program Files\Java\jdk-15\bin\VCRUNTIME140.dll
0x00007ffd4b980000 - 0x00007ffd4bc1b000 	C:\Windows\WinSxS\amd64_microsoft.windows.common-controls_6595b64144ccf1df_6.0.19041.488_none_ca04af081b815d21\COMCTL32.dll
0x00007ffd5d460000 - 0x00007ffd5d46a000 	C:\Windows\SYSTEM32\VERSION.dll
0x00007ffd65370000 - 0x00007ffd653a0000 	C:\Windows\System32\IMM32.DLL
0x00007ffd5ef60000 - 0x00007ffd5ef6c000 	C:\Program Files\Java\jdk-15\bin\vcruntime140_1.dll
0x00007ffd46e50000 - 0x00007ffd46ee1000 	C:\Program Files\Java\jdk-15\bin\msvcp140.dll
0x00007ffd0df20000 - 0x00007ffd0ea7c000 	C:\Program Files\Java\jdk-15\bin\server\jvm.dll
0x00007ffd656e0000 - 0x00007ffd656e8000 	C:\Windows\System32\PSAPI.DLL
0x00007ffd3dc10000 - 0x00007ffd3dc19000 	C:\Windows\SYSTEM32\WSOCK32.dll
0x00007ffd65450000 - 0x00007ffd654bb000 	C:\Windows\System32\WS2_32.dll
0x00007ffd5d650000 - 0x00007ffd5d677000 	C:\Windows\SYSTEM32\WINMM.dll
0x00007ffd61210000 - 0x00007ffd61223000 	C:\Windows\SYSTEM32\kernel.appcore.dll
0x00007ffd5d310000 - 0x00007ffd5d31a000 	C:\Program Files\Java\jdk-15\bin\jimage.dll
0x00007ffd5cc80000 - 0x00007ffd5ce64000 	C:\Windows\SYSTEM32\DBGHELP.DLL
0x00007ffd39ba0000 - 0x00007ffd39bcc000 	C:\Windows\SYSTEM32\dbgcore.DLL
0x00007ffd63ae0000 - 0x00007ffd63b5f000 	C:\Windows\System32\bcryptPrimitives.dll
0x00007ffd596a0000 - 0x00007ffd596c5000 	C:\Program Files\Java\jdk-15\bin\java.dll

dbghelp: loaded successfully - version: 4.0.5 - missing functions: none
symbol engine: initialized successfully - sym options: 0x614 - pdb path: .;C:\Program Files\Java\jdk-15\bin;C:\Windows\SYSTEM32;C:\Program Files\Bitdefender\Bitdefender Security\atcuf\265473983034396109;C:\Windows\WinSxS\amd64_microsoft.windows.common-controls_6595b64144ccf1df_6.0.19041.488_none_ca04af081b815d21;C:\Program Files\Java\jdk-15\bin\server

VM Arguments:
java_command: org.bridj.Platform$DeleteFiles C:\Users\RAY\AppData\Local\Temp\BridJExtractedLibraries14555180262182428741\bridj.dll C:\Users\RAY\AppData\Local\Temp\BridJExtractedLibraries14555180262182428741 C:\Users\RAY\AppData\Local\Temp\BridJExtractedLibraries14555180262182428741\OpenIMAJGrabber.dll
java_class_path (initial): D:\todow\documentos\GitHub\Gmnasio\Librerias\Librerias\AbsoluteLayout.jar;D:\todow\documentos\GitHub\Gmnasio\Librerias\Librerias\commons-collections-3.2.1.jar;D:\todow\documentos\GitHub\Gmnasio\Librerias\Librerias\commons-digester-2.1.jar;D:\todow\documentos\GitHub\Gmnasio\Librerias\Librerias\commons-logging-1.2.jar;D:\todow\documentos\GitHub\Gmnasio\Librerias\Librerias\groovy-2.4.5.jar;D:\todow\documentos\GitHub\Gmnasio\Librerias\Librerias\itext-pdfa-5.5.4.jar;D:\todow\documentos\GitHub\Gmnasio\Librerias\Librerias\itextpdf-5.5.4.jar;D:\todow\documentos\GitHub\Gmnasio\Librerias\Librerias\jasperreports-6.0.0.jar;D:\todow\documentos\GitHub\Gmnasio\itext5-itextpdf-5.5.12.jar;D:\todow\documentos\GitHub\Gmnasio\Librerias\Librerias\jcommon-1.0.23.jar;D:\todow\documentos\GitHub\Gmnasio\Librerias\Librerias\jfreechart-1.0.19.jar;D:\todow\documentos\GitHub\Gmnasio\LIBRERIA MYSQL\mysql-connector-java-5.1.46.jar;D:\todow\documentos\GitHub\Gmnasio\Librerias\Librerias\JPanelWebCam.jar;D:\todow\documentos\GitHub\Gmnasio\build\classes
Launcher Type: SUN_STANDARD

[Global flags]
     intx CICompilerCount                          = 4                                         {product} {ergonomic}
     uint ConcGCThreads                            = 2                                         {product} {ergonomic}
     uint G1ConcRefinementThreads                  = 8                                         {product} {ergonomic}
   size_t G1HeapRegionSize                         = 2097152                                   {product} {ergonomic}
    uintx GCDrainStackTargetSize                   = 64                                        {product} {ergonomic}
   size_t InitialHeapSize                          = 268435456                                 {product} {ergonomic}
   size_t MarkStackSize                            = 4194304                                   {product} {ergonomic}
   size_t MaxHeapSize                              = 4282384384                                {product} {ergonomic}
   size_t MinHeapDeltaBytes                        = 2097152                                   {product} {ergonomic}
   size_t MinHeapSize                              = 8388608                                   {product} {ergonomic}
    uintx NonNMethodCodeHeapSize                   = 5839372                                {pd product} {ergonomic}
    uintx NonProfiledCodeHeapSize                  = 122909434                              {pd product} {ergonomic}
    uintx ProfiledCodeHeapSize                     = 122909434                              {pd product} {ergonomic}
    uintx ReservedCodeCacheSize                    = 251658240                              {pd product} {ergonomic}
     bool SegmentedCodeCache                       = true                                      {product} {ergonomic}
   size_t SoftMaxHeapSize                          = 4282384384                             {manageable} {ergonomic}
     bool UseCompressedClassPointers               = true                                 {lp64_product} {ergonomic}
     bool UseCompressedOops                        = true                                 {lp64_product} {ergonomic}
     bool UseG1GC                                  = true                                      {product} {ergonomic}
     bool UseLargePagesIndividualAllocation        = false                                  {pd product} {ergonomic}

Logging:
Log output configuration:
 #0: stdout all=warning uptime,level,tags
 #1: stderr all=off uptime,level,tags

Environment Variables:
PATH=C:\Program Files\Common Files\Oracle\Java\javapath;C:\Program Files\Java\jdk-15\bin;C:\Program Files (x86)\Common Files\Oracle\Java\javapath;C:\Windows\system32;C:\Windows;C:\Windows\System32\Wbem;C:\Windows\System32\WindowsPowerShell\v1.0\;C:\Windows\System32\OpenSSH\;C:\Program Files (x86)\NVIDIA Corporation\PhysX\Common;C:\Program Files\NVIDIA Corporation\NVIDIA NvDLISR;C:\Users\RAY\AppData\Local\Microsoft\WindowsApps;C:\Users\RAY\AppData\Local\GitHubDesktop\bin
USERNAME=RAY
OS=Windows_NT
PROCESSOR_IDENTIFIER=Intel64 Family 6 Model 60 Stepping 3, GenuineIntel



---------------  S Y S T E M  ---------------

OS:
 Windows 10 , 64 bit Build 19041 (10.0.19041.292)
OS uptime: 11 days 8:40 hours

CPU: total 8 (initial active 8) (4 cores per cpu, 2 threads per core) family 6 model 60 stepping 3, cmov, cx8, fxsr, mmx, sse, sse2, sse3, ssse3, sse4.1, sse4.2, popcnt, vzeroupper, avx, avx2, aes, clmul, erms, lzcnt, ht, tsc, tscinvbit, bmi1, bmi2, fma, clflush

Memory: 4k page, system-wide physical 16334M (3439M free)
TotalPageFile size 24334M (AvailPageFile size 130M)
current process WorkingSet (physical memory assigned to process): 11M, peak: 11M
current process commit charge ("private bytes"): 62M, peak: 318M

vm_info: Java HotSpot(TM) 64-Bit Server VM (15+36-1562) for windows-amd64 JRE (15+36-1562), built on Aug 11 2020 22:38:02 by "mach5one" with unknown MS VC++:1925

END.
